running egg_info
creating ..\build\listening_bot\listening_bot.egg-info
writing ..\build\listening_bot\listening_bot.egg-info\PKG-INFO
writing dependency_links to ..\build\listening_bot\listening_bot.egg-info\dependency_links.txt
writing entry points to ..\build\listening_bot\listening_bot.egg-info\entry_points.txt
writing requirements to ..\build\listening_bot\listening_bot.egg-info\requires.txt
writing top-level names to ..\build\listening_bot\listening_bot.egg-info\top_level.txt
writing manifest file '..\build\listening_bot\listening_bot.egg-info\SOURCES.txt'
reading manifest file '..\build\listening_bot\listening_bot.egg-info\SOURCES.txt'
writing manifest file '..\build\listening_bot\listening_bot.egg-info\SOURCES.txt'
running build
running build_py
creating C:\Users\Daniel\Documents\Studium\4. Semester (WiSe 24 UCSD)\ECE 148 Autonomous Vehicles\MAE148FinalProject\build\listening_bot\build\lib\listening_bot
copying listening_bot\hardware.py -> C:\Users\Daniel\Documents\Studium\4. Semester (WiSe 24 UCSD)\ECE 148 Autonomous Vehicles\MAE148FinalProject\build\listening_bot\build\lib\listening_bot
copying listening_bot\publisher_laptop.py -> C:\Users\Daniel\Documents\Studium\4. Semester (WiSe 24 UCSD)\ECE 148 Autonomous Vehicles\MAE148FinalProject\build\listening_bot\build\lib\listening_bot
copying listening_bot\speech_to_text.py -> C:\Users\Daniel\Documents\Studium\4. Semester (WiSe 24 UCSD)\ECE 148 Autonomous Vehicles\MAE148FinalProject\build\listening_bot\build\lib\listening_bot
copying listening_bot\subscriber_jetson.py -> C:\Users\Daniel\Documents\Studium\4. Semester (WiSe 24 UCSD)\ECE 148 Autonomous Vehicles\MAE148FinalProject\build\listening_bot\build\lib\listening_bot
copying listening_bot\__init__.py -> C:\Users\Daniel\Documents\Studium\4. Semester (WiSe 24 UCSD)\ECE 148 Autonomous Vehicles\MAE148FinalProject\build\listening_bot\build\lib\listening_bot
running install
running install_lib
creating C:\Users\Daniel\Documents\Studium\4. Semester (WiSe 24 UCSD)\ECE 148 Autonomous Vehicles\MAE148FinalProject\install\Lib\site-packages\listening_bot
copying C:\Users\Daniel\Documents\Studium\4. Semester (WiSe 24 UCSD)\ECE 148 Autonomous Vehicles\MAE148FinalProject\build\listening_bot\build\lib\listening_bot\hardware.py -> C:\Users\Daniel\Documents\Studium\4. Semester (WiSe 24 UCSD)\ECE 148 Autonomous Vehicles\MAE148FinalProject\install\Lib\site-packages\listening_bot
copying C:\Users\Daniel\Documents\Studium\4. Semester (WiSe 24 UCSD)\ECE 148 Autonomous Vehicles\MAE148FinalProject\build\listening_bot\build\lib\listening_bot\publisher_laptop.py -> C:\Users\Daniel\Documents\Studium\4. Semester (WiSe 24 UCSD)\ECE 148 Autonomous Vehicles\MAE148FinalProject\install\Lib\site-packages\listening_bot
copying C:\Users\Daniel\Documents\Studium\4. Semester (WiSe 24 UCSD)\ECE 148 Autonomous Vehicles\MAE148FinalProject\build\listening_bot\build\lib\listening_bot\speech_to_text.py -> C:\Users\Daniel\Documents\Studium\4. Semester (WiSe 24 UCSD)\ECE 148 Autonomous Vehicles\MAE148FinalProject\install\Lib\site-packages\listening_bot
copying C:\Users\Daniel\Documents\Studium\4. Semester (WiSe 24 UCSD)\ECE 148 Autonomous Vehicles\MAE148FinalProject\build\listening_bot\build\lib\listening_bot\subscriber_jetson.py -> C:\Users\Daniel\Documents\Studium\4. Semester (WiSe 24 UCSD)\ECE 148 Autonomous Vehicles\MAE148FinalProject\install\Lib\site-packages\listening_bot
copying C:\Users\Daniel\Documents\Studium\4. Semester (WiSe 24 UCSD)\ECE 148 Autonomous Vehicles\MAE148FinalProject\build\listening_bot\build\lib\listening_bot\__init__.py -> C:\Users\Daniel\Documents\Studium\4. Semester (WiSe 24 UCSD)\ECE 148 Autonomous Vehicles\MAE148FinalProject\install\Lib\site-packages\listening_bot
byte-compiling C:\Users\Daniel\Documents\Studium\4. Semester (WiSe 24 UCSD)\ECE 148 Autonomous Vehicles\MAE148FinalProject\install\Lib\site-packages\listening_bot\hardware.py to hardware.cpython-38.pyc
byte-compiling C:\Users\Daniel\Documents\Studium\4. Semester (WiSe 24 UCSD)\ECE 148 Autonomous Vehicles\MAE148FinalProject\install\Lib\site-packages\listening_bot\publisher_laptop.py to publisher_laptop.cpython-38.pyc
byte-compiling C:\Users\Daniel\Documents\Studium\4. Semester (WiSe 24 UCSD)\ECE 148 Autonomous Vehicles\MAE148FinalProject\install\Lib\site-packages\listening_bot\speech_to_text.py to speech_to_text.cpython-38.pyc
byte-compiling C:\Users\Daniel\Documents\Studium\4. Semester (WiSe 24 UCSD)\ECE 148 Autonomous Vehicles\MAE148FinalProject\install\Lib\site-packages\listening_bot\subscriber_jetson.py to subscriber_jetson.cpython-38.pyc
byte-compiling C:\Users\Daniel\Documents\Studium\4. Semester (WiSe 24 UCSD)\ECE 148 Autonomous Vehicles\MAE148FinalProject\install\Lib\site-packages\listening_bot\__init__.py to __init__.cpython-38.pyc
running install_data
creating C:\Users\Daniel\Documents\Studium\4. Semester (WiSe 24 UCSD)\ECE 148 Autonomous Vehicles\MAE148FinalProject\install\share\ament_index\resource_index\packages
copying resource\listening_bot -> C:\Users\Daniel\Documents\Studium\4. Semester (WiSe 24 UCSD)\ECE 148 Autonomous Vehicles\MAE148FinalProject\install\share\ament_index\resource_index\packages
creating C:\Users\Daniel\Documents\Studium\4. Semester (WiSe 24 UCSD)\ECE 148 Autonomous Vehicles\MAE148FinalProject\install\share\listening_bot
copying package.xml -> C:\Users\Daniel\Documents\Studium\4. Semester (WiSe 24 UCSD)\ECE 148 Autonomous Vehicles\MAE148FinalProject\install\share\listening_bot
running install_egg_info
Copying ..\build\listening_bot\listening_bot.egg-info to C:\Users\Daniel\Documents\Studium\4. Semester (WiSe 24 UCSD)\ECE 148 Autonomous Vehicles\MAE148FinalProject\install\Lib\site-packages\listening_bot-0.0.1-py3.8.egg-info
running install_scripts
Installing publisher-script.py script to C:\Users\Daniel\Documents\Studium\4. Semester (WiSe 24 UCSD)\ECE 148 Autonomous Vehicles\MAE148FinalProject\install\lib\listening_bot
Installing publisher.exe script to C:\Users\Daniel\Documents\Studium\4. Semester (WiSe 24 UCSD)\ECE 148 Autonomous Vehicles\MAE148FinalProject\install\lib\listening_bot
Installing subscriber-script.py script to C:\Users\Daniel\Documents\Studium\4. Semester (WiSe 24 UCSD)\ECE 148 Autonomous Vehicles\MAE148FinalProject\install\lib\listening_bot
Installing subscriber.exe script to C:\Users\Daniel\Documents\Studium\4. Semester (WiSe 24 UCSD)\ECE 148 Autonomous Vehicles\MAE148FinalProject\install\lib\listening_bot
writing list of installed files to 'C:\Users\Daniel\Documents\Studium\4. Semester (WiSe 24 UCSD)\ECE 148 Autonomous Vehicles\MAE148FinalProject\build\listening_bot\install.log'
c:\python38\lib\site-packages\setuptools\dist.py:495: SetuptoolsDeprecationWarning: Invalid dash-separated options
!!

        ********************************************************************************
        Usage of dash-separated 'script-dir' will not be supported in future
        versions. Please use the underscore name 'script_dir' instead.

        By 2025-Mar-03, you need to update your project and remove deprecated calls
        or your builds will no longer be supported.

        See https://setuptools.pypa.io/en/latest/userguide/declarative_config.html for details.
        ********************************************************************************

!!
  opt = self.warn_dash_deprecation(opt, section)
c:\python38\lib\site-packages\setuptools\_distutils\dist.py:261: UserWarning: Unknown distribution option: 'tests_require'
  warnings.warn(msg)
