C:\dev\MAE148FinalProject\install\Lib\site-packages\listening_bot\publisher_laptop.py
C:\dev\MAE148FinalProject\install\Lib\site-packages\listening_bot\run_object_detection_on_oak.py
C:\dev\MAE148FinalProject\install\Lib\site-packages\listening_bot\speech_processing.py
C:\dev\MAE148FinalProject\install\Lib\site-packages\listening_bot\subscriber_jetson.py
C:\dev\MAE148FinalProject\install\Lib\site-packages\listening_bot\__init__.py
C:\dev\MAE148FinalProject\install\Lib\site-packages\listening_bot\__pycache__\publisher_laptop.cpython-38.pyc
C:\dev\MAE148FinalProject\install\Lib\site-packages\listening_bot\__pycache__\run_object_detection_on_oak.cpython-38.pyc
C:\dev\MAE148FinalProject\install\Lib\site-packages\listening_bot\__pycache__\speech_processing.cpython-38.pyc
C:\dev\MAE148FinalProject\install\Lib\site-packages\listening_bot\__pycache__\subscriber_jetson.cpython-38.pyc
C:\dev\MAE148FinalProject\install\Lib\site-packages\listening_bot\__pycache__\__init__.cpython-38.pyc
C:\dev\MAE148FinalProject\install\share\ament_index\resource_index\packages\listening_bot
C:\dev\MAE148FinalProject\install\share\listening_bot\package.xml
C:\dev\MAE148FinalProject\install\share\listening_bot
C:\dev\MAE148FinalProject\install\Lib\site-packages\listening_bot-0.0.1-py3.8.egg-info\dependency_links.txt
C:\dev\MAE148FinalProject\install\Lib\site-packages\listening_bot-0.0.1-py3.8.egg-info\entry_points.txt
C:\dev\MAE148FinalProject\install\Lib\site-packages\listening_bot-0.0.1-py3.8.egg-info\PKG-INFO
C:\dev\MAE148FinalProject\install\Lib\site-packages\listening_bot-0.0.1-py3.8.egg-info\requires.txt
C:\dev\MAE148FinalProject\install\Lib\site-packages\listening_bot-0.0.1-py3.8.egg-info\SOURCES.txt
C:\dev\MAE148FinalProject\install\Lib\site-packages\listening_bot-0.0.1-py3.8.egg-info\top_level.txt
C:\dev\MAE148FinalProject\install\Lib\site-packages\listening_bot-0.0.1-py3.8.egg-info\zip-safe
C:\dev\MAE148FinalProject\install\lib\listening_bot\publisher-script.py
C:\dev\MAE148FinalProject\install\lib\listening_bot\publisher.exe
C:\dev\MAE148FinalProject\install\lib\listening_bot\subscriber-script.py
C:\dev\MAE148FinalProject\install\lib\listening_bot\subscriber.exe
