[0.000000] (-) TimerEvent: {}
[0.000000] (listening_bot) JobQueued: {'identifier': 'listening_bot', 'dependencies': OrderedDict()}
[0.000000] (listening_bot) JobStarted: {'identifier': 'listening_bot'}
[0.110000] (-) TimerEvent: {}
[0.219000] (-) TimerEvent: {}
[0.344000] (-) TimerEvent: {}
[0.453000] (-) TimerEvent: {}
[0.563000] (-) TimerEvent: {}
[0.672000] (-) TimerEvent: {}
[0.782000] (-) TimerEvent: {}
[0.891000] (-) TimerEvent: {}
[1.000000] (-) TimerEvent: {}
[1.110000] (-) TimerEvent: {}
[1.235000] (-) TimerEvent: {}
[1.344000] (-) TimerEvent: {}
[1.344000] (listening_bot) Command: {'cmd': ['c:\\python38\\python.exe', '-W', 'ignore:setup.py install is deprecated', 'setup.py', 'egg_info', '--egg-base', '..\\build\\listening_bot', 'build', '--build-base', 'C:\\dev\\MAE148FinalProject\\build\\listening_bot\\build', 'install', '--record', 'C:\\dev\\MAE148FinalProject\\build\\listening_bot\\install.log', '--single-version-externally-managed', 'install_data'], 'cwd': 'C:\\dev\\MAE148FinalProject\\listening_bot', 'env': {'ALLUSERSPROFILE': 'C:\\ProgramData', 'AMENT_PREFIX_PATH': 'C:\\dev\\MAE148FinalProject\\install;C:\\dev\\ros2_foxy', 'APPDATA': 'C:\\Users\\Daniel\\AppData\\Roaming', 'ChocolateyInstall': 'C:\\ProgramData\\chocolatey', 'CMAKE_PREFIX_PATH': 'C:\\dev\\ros2_foxy', 'COLCON': '1', 'COLCON_PREFIX_PATH': 'C:\\dev\\MAE148FinalProject\\install\\;C:\\dev\\ros2_foxy\\', 'CommonProgramFiles': 'C:\\Program Files\\Common Files', 'CommonProgramFiles(x86)': 'C:\\Program Files (x86)\\Common Files', 'CommonProgramW6432': 'C:\\Program Files\\Common Files', 'COMPUTERNAME': 'LAPTOP-SM5ESC7G', 'ComSpec': 'C:\\WINDOWS\\system32\\cmd.exe', 'DriverData': 'C:\\Windows\\System32\\Drivers\\DriverData', 'HOMEDRIVE': 'C:', 'HOMEPATH': '\\Users\\Daniel', 'LOCALAPPDATA': 'C:\\Users\\Daniel\\AppData\\Local', 'LOGONSERVER': '\\\\LAPTOP-SM5ESC7G', 'NUMBER_OF_PROCESSORS': '8', 'OneDrive': 'C:\\Users\\Daniel\\OneDrive', 'OneDriveConsumer': 'C:\\Users\\Daniel\\OneDrive', 'OPENSSL_CONF': 'C:\\Program Files\\OpenSSL-Win64\\bin\\openssl.cfg', 'OS': 'Windows_NT', 'Path': 'C:\\dev\\ros2_foxy\\opt\\yaml_cpp_vendor\\bin;C:\\dev\\ros2_foxy\\opt\\rviz_ogre_vendor\\bin;C:\\dev\\ros2_foxy\\opt\\rviz_assimp_vendor\\bin;C:\\dev\\ros2_foxy\\opt\\libcurl_vendor\\bin;C:\\dev\\ros2_foxy\\Scripts;C:\\dev\\ros2_foxy\\bin;C:\\Python38\\Scripts\\;C:\\Python38\\;C:\\Program Files (x86)\\VMware\\VMware Player\\bin\\;C:\\WINDOWS\\system32;C:\\WINDOWS;C:\\WINDOWS\\System32\\Wbem;C:\\WINDOWS\\System32\\WindowsPowerShell\\v1.0\\;C:\\WINDOWS\\System32\\OpenSSH\\;C:\\Users\\Daniel\\AppData\\Local\\Programs\\Python\\Python39\\python.exe;C:\\Program Files\\Git\\cmd;C:\\MinGW\\bin;C:\\texlive\\2021\\bin\\win32;C:\\Program Files\\Docker\\Docker\\resources\\bin;C:\\ProgramData\\DockerDesktop\\version-bin;C:\\Program Files\\dotnet\\;C:\\Program Files\\MATLAB\\R2023b\\bin;C:\\Program Files\\Siemens\\NX1980\\CAPITALINTEGRATION\\capitalnxremote\\;C:\\ProgramData\\chocolatey\\bin;C:\\Program Files\\CMake\\bin;C:\\ProgramData\\chocolatey\\lib\\cunit\\lib;C:\\ProgramData\\chocolatey\\lib\\tinyxml2\\lib;C:\\ProgramData\\chocolatey\\lib\\bullet\\lib;C:\\xmllint\\bin;C:\\ProgramData\\chocolatey\\lib\\log4cxx\\lib;C:\\Users\\Daniel\\AppData\\Local\\Programs\\Python\\Python312\\Scripts\\;C:\\Users\\Daniel\\AppData\\Local\\Programs\\Python\\Python312\\;C:\\Users\\Daniel\\AppData\\Local\\Programs\\Python\\Launcher\\;C:\\Users\\Daniel\\AppData\\Local\\Programs\\Python\\Python39\\;C:\\Users\\Daniel\\AppData\\Local\\Programs\\Python\\Python310\\Scripts\\;C:\\Users\\Daniel\\AppData\\Local\\Programs\\Python\\Python310\\;C:\\texlive\\2021\\bin\\win32;C:\\Users\\Daniel\\AppData\\Local\\Programs\\Python\\Python39\\Scripts\\;C:\\Users\\Daniel\\AppData\\Local\\Programs\\Microsoft VS Code\\bin;C:\\Users\\Daniel\\AppData\\Local\\Microsoft\\WindowsApps;C:\\Program Files\\CMake\\bin', 'PATHEXT': '.COM;.EXE;.BAT;.CMD;.VBS;.VBE;.JS;.JSE;.WSF;.WSH;.MSC;.PY;.PYW', 'PKG_CONFIG_PATH': 'C:\\dev\\ros2_foxy\\lib\\pkgconfig', 'PROCESSOR_ARCHITECTURE': 'AMD64', 'PROCESSOR_IDENTIFIER': 'Intel64 Family 6 Model 140 Stepping 1, GenuineIntel', 'PROCESSOR_LEVEL': '6', 'PROCESSOR_REVISION': '8c01', 'ProgramData': 'C:\\ProgramData', 'ProgramFiles': 'C:\\Program Files', 'ProgramFiles(x86)': 'C:\\Program Files (x86)', 'ProgramW6432': 'C:\\Program Files', 'PROMPT': '$P$G', 'PSModulePath': 'C:\\Program Files\\WindowsPowerShell\\Modules;C:\\WINDOWS\\system32\\WindowsPowerShell\\v1.0\\Modules', 'PUBLIC': 'C:\\Users\\Public', 'PYTHONPATH': 'C:\\dev\\MAE148FinalProject\\build\\listening_bot\\prefix_override;c:\\python38\\lib\\site-packages\\colcon_core\\task\\python\\colcon_distutils_commands;C:\\dev\\MAE148FinalProject\\install\\Lib\\site-packages;C:\\dev\\MAE148FinalProject\\install\\Lib\\site-packages;C:\\dev\\ros2_foxy\\Lib\\site-packages', 'ROS_DISTRO': 'foxy', 'ROS_LOCALHOST_ONLY': '0', 'ROS_PYTHON_VERSION': '3', 'ROS_VERSION': '2', 'SESSIONNAME': 'Console', 'SPLM_LICENSE_SERVER': '28030@130.149.46.211', 'SystemDrive': 'C:', 'SystemRoot': 'C:\\WINDOWS', 'TEMP': 'C:\\Users\\Daniel\\AppData\\Local\\Temp', 'TMP': 'C:\\Users\\Daniel\\AppData\\Local\\Temp', 'UGII_BASE_DIR': 'C:\\Program Files\\Siemens\\NX1980', 'UGII_LANG': 'english', 'USERDOMAIN': 'LAPTOP-SM5ESC7G', 'USERDOMAIN_ROAMINGPROFILE': 'LAPTOP-SM5ESC7G', 'USERNAME': 'Daniel', 'USERPROFILE': 'C:\\Users\\Daniel', 'windir': 'C:\\WINDOWS', 'WSLENV': 'WT_SESSION:WT_PROFILE_ID:', 'WT_PROFILE_ID': '{0caa0dad-35be-5f56-a8ff-afceeeaa6101}', 'WT_SESSION': 'fcbabc77-59e0-4406-8453-1267e0382e2a'}, 'shell': False}
[1.453000] (-) TimerEvent: {}
[1.563000] (-) TimerEvent: {}
[1.672000] (-) TimerEvent: {}
[1.766000] (listening_bot) StdoutLine: {'line': b'running egg_info\r\n'}
[1.782000] (-) TimerEvent: {}
[1.797000] (listening_bot) StdoutLine: {'line': b'writing ..\\build\\listening_bot\\listening_bot.egg-info\\PKG-INFO\r\n'}
[1.797000] (listening_bot) StdoutLine: {'line': b'writing dependency_links to ..\\build\\listening_bot\\listening_bot.egg-info\\dependency_links.txt\r\n'}
[1.797000] (listening_bot) StdoutLine: {'line': b'writing entry points to ..\\build\\listening_bot\\listening_bot.egg-info\\entry_points.txt\r\n'}
[1.797000] (listening_bot) StdoutLine: {'line': b'writing requirements to ..\\build\\listening_bot\\listening_bot.egg-info\\requires.txt\r\n'}
[1.797000] (listening_bot) StdoutLine: {'line': b'writing top-level names to ..\\build\\listening_bot\\listening_bot.egg-info\\top_level.txt\r\n'}
[1.844000] (listening_bot) StdoutLine: {'line': b"reading manifest file '..\\build\\listening_bot\\listening_bot.egg-info\\SOURCES.txt'\r\n"}
[1.860000] (listening_bot) StdoutLine: {'line': b"writing manifest file '..\\build\\listening_bot\\listening_bot.egg-info\\SOURCES.txt'\r\n"}
[1.860000] (listening_bot) StdoutLine: {'line': b'running build\r\n'}
[1.860000] (listening_bot) StdoutLine: {'line': b'running build_py\r\n'}
[1.860000] (listening_bot) StdoutLine: {'line': b'copying listening_bot\\hardware.py -> C:\\dev\\MAE148FinalProject\\build\\listening_bot\\build\\lib\\listening_bot\r\n'}
[1.860000] (listening_bot) StdoutLine: {'line': b'copying listening_bot\\publisher_laptop.py -> C:\\dev\\MAE148FinalProject\\build\\listening_bot\\build\\lib\\listening_bot\r\n'}
[1.860000] (listening_bot) StdoutLine: {'line': b'copying listening_bot\\speech_to_text.py -> C:\\dev\\MAE148FinalProject\\build\\listening_bot\\build\\lib\\listening_bot\r\n'}
[1.860000] (listening_bot) StdoutLine: {'line': b'copying listening_bot\\subscriber_jetson.py -> C:\\dev\\MAE148FinalProject\\build\\listening_bot\\build\\lib\\listening_bot\r\n'}
[1.875000] (listening_bot) StdoutLine: {'line': b'copying listening_bot\\__init__.py -> C:\\dev\\MAE148FinalProject\\build\\listening_bot\\build\\lib\\listening_bot\r\n'}
[1.875000] (listening_bot) StdoutLine: {'line': b'running install\r\n'}
[1.875000] (listening_bot) StdoutLine: {'line': b'running install_lib\r\n'}
[1.891000] (-) TimerEvent: {}
[1.891000] (listening_bot) StdoutLine: {'line': b'copying C:\\dev\\MAE148FinalProject\\build\\listening_bot\\build\\lib\\listening_bot\\subscriber_jetson.py -> C:\\dev\\MAE148FinalProject\\install\\Lib\\site-packages\\listening_bot\r\n'}
[1.891000] (listening_bot) StdoutLine: {'line': b'byte-compiling C:\\dev\\MAE148FinalProject\\install\\Lib\\site-packages\\listening_bot\\subscriber_jetson.py to subscriber_jetson.cpython-38.pyc\r\n'}
[1.907000] (listening_bot) StdoutLine: {'line': b'running install_data\r\n'}
[1.907000] (listening_bot) StdoutLine: {'line': b'copying resource\\listening_bot -> C:\\dev\\MAE148FinalProject\\install\\share\\ament_index\\resource_index\\packages\r\n'}
[1.907000] (listening_bot) StdoutLine: {'line': b'copying package.xml -> C:\\dev\\MAE148FinalProject\\install\\share\\listening_bot\r\n'}
[1.907000] (listening_bot) StdoutLine: {'line': b'running install_egg_info\r\n'}
[1.922000] (listening_bot) StdoutLine: {'line': b"removing 'C:\\dev\\MAE148FinalProject\\install\\Lib\\site-packages\\listening_bot-0.0.1-py3.8.egg-info' (and everything under it)\r\n"}
[1.922000] (listening_bot) StdoutLine: {'line': b'Copying ..\\build\\listening_bot\\listening_bot.egg-info to C:\\dev\\MAE148FinalProject\\install\\Lib\\site-packages\\listening_bot-0.0.1-py3.8.egg-info\r\n'}
[1.938000] (listening_bot) StdoutLine: {'line': b'running install_scripts\r\n'}
[2.000000] (-) TimerEvent: {}
[2.110000] (listening_bot) StdoutLine: {'line': b'Installing actuate-script.py script to C:\\dev\\MAE148FinalProject\\install\\lib\\listening_bot\r\n'}
[2.110000] (-) TimerEvent: {}
[2.110000] (listening_bot) StdoutLine: {'line': b'Installing actuate.exe script to C:\\dev\\MAE148FinalProject\\install\\lib\\listening_bot\r\n'}
[2.110000] (listening_bot) StdoutLine: {'line': b'Installing publisher-script.py script to C:\\dev\\MAE148FinalProject\\install\\lib\\listening_bot\r\n'}
[2.110000] (listening_bot) StdoutLine: {'line': b'Installing publisher.exe script to C:\\dev\\MAE148FinalProject\\install\\lib\\listening_bot\r\n'}
[2.110000] (listening_bot) StdoutLine: {'line': b'Installing subscriber-script.py script to C:\\dev\\MAE148FinalProject\\install\\lib\\listening_bot\r\n'}
[2.110000] (listening_bot) StdoutLine: {'line': b'Installing subscriber.exe script to C:\\dev\\MAE148FinalProject\\install\\lib\\listening_bot\r\n'}
[2.110000] (listening_bot) StdoutLine: {'line': b"writing list of installed files to 'C:\\dev\\MAE148FinalProject\\build\\listening_bot\\install.log'\r\n"}
[2.125000] (listening_bot) CommandEnded: {'returncode': 0}
[2.157000] (listening_bot) JobEnded: {'identifier': 'listening_bot', 'rc': 0}
[2.157000] (-) EventReactorShutdown: {}
