[0.000000] (-) TimerEvent: {}
[0.000000] (listening_bot) JobQueued: {'identifier': 'listening_bot', 'dependencies': OrderedDict()}
[0.000000] (listening_bot) JobStarted: {'identifier': 'listening_bot'}
[0.110000] (-) TimerEvent: {}
[0.219000] (-) TimerEvent: {}
[0.328000] (-) TimerEvent: {}
[0.438000] (-) TimerEvent: {}
[0.547000] (-) TimerEvent: {}
[0.657000] (-) TimerEvent: {}
[0.797000] (-) TimerEvent: {}
[0.938000] (-) TimerEvent: {}
[1.047000] (-) TimerEvent: {}
[1.172000] (-) TimerEvent: {}
[1.282000] (-) TimerEvent: {}
[1.391000] (-) TimerEvent: {}
[1.485000] (listening_bot) Command: {'cmd': ['c:\\python38\\python.exe', '-W', 'ignore:setup.py install is deprecated', 'setup.py', 'egg_info', '--egg-base', '..\\build\\listening_bot', 'build', '--build-base', 'C:\\Users\\Daniel\\Documents\\Studium\\4. Semester (WiSe 24 UCSD)\\ECE 148 Autonomous Vehicles\\MAE148FinalProject\\build\\listening_bot\\build', 'install', '--record', 'C:\\Users\\Daniel\\Documents\\Studium\\4. Semester (WiSe 24 UCSD)\\ECE 148 Autonomous Vehicles\\MAE148FinalProject\\build\\listening_bot\\install.log', '--install-scripts', '$base/lib/listening_bot', '--single-version-externally-managed', 'install_data'], 'cwd': 'C:\\Users\\Daniel\\Documents\\Studium\\4. Semester (WiSe 24 UCSD)\\ECE 148 Autonomous Vehicles\\MAE148FinalProject\\listening_bot', 'env': {'ALLUSERSPROFILE': 'C:\\ProgramData', 'AMENT_PREFIX_PATH': 'C:\\dev\\ros2_foxy', 'APPDATA': 'C:\\Users\\Daniel\\AppData\\Roaming', 'ChocolateyInstall': 'C:\\ProgramData\\chocolatey', 'CMAKE_PREFIX_PATH': 'C:\\dev\\ros2_foxy', 'COLCON': '1', 'COLCON_PREFIX_PATH': 'C:\\dev\\ros2_foxy\\', 'CommonProgramFiles': 'C:\\Program Files\\Common Files', 'CommonProgramFiles(x86)': 'C:\\Program Files (x86)\\Common Files', 'CommonProgramW6432': 'C:\\Program Files\\Common Files', 'COMPUTERNAME': 'LAPTOP-SM5ESC7G', 'ComSpec': 'C:\\WINDOWS\\system32\\cmd.exe', 'DriverData': 'C:\\Windows\\System32\\Drivers\\DriverData', 'HOMEDRIVE': 'C:', 'HOMEPATH': '\\Users\\Daniel', 'LOCALAPPDATA': 'C:\\Users\\Daniel\\AppData\\Local', 'LOGONSERVER': '\\\\LAPTOP-SM5ESC7G', 'NUMBER_OF_PROCESSORS': '8', 'OneDrive': 'C:\\Users\\Daniel\\OneDrive', 'OneDriveConsumer': 'C:\\Users\\Daniel\\OneDrive', 'OPENSSL_CONF': 'C:\\Program Files\\OpenSSL-Win64\\bin\\openssl.cfg', 'OS': 'Windows_NT', 'Path': 'C:\\dev\\ros2_foxy\\opt\\yaml_cpp_vendor\\bin;C:\\dev\\ros2_foxy\\opt\\rviz_ogre_vendor\\bin;C:\\dev\\ros2_foxy\\opt\\rviz_assimp_vendor\\bin;C:\\dev\\ros2_foxy\\opt\\libcurl_vendor\\bin;C:\\dev\\ros2_foxy\\Scripts;C:\\dev\\ros2_foxy\\bin;C:\\Python38\\Scripts\\;C:\\Python38\\;C:\\Program Files (x86)\\VMware\\VMware Player\\bin\\;C:\\WINDOWS\\system32;C:\\WINDOWS;C:\\WINDOWS\\System32\\Wbem;C:\\WINDOWS\\System32\\WindowsPowerShell\\v1.0\\;C:\\WINDOWS\\System32\\OpenSSH\\;C:\\Users\\Daniel\\AppData\\Local\\Programs\\Python\\Python39\\python.exe;C:\\Program Files\\Git\\cmd;C:\\MinGW\\bin;C:\\texlive\\2021\\bin\\win32;C:\\Program Files\\Docker\\Docker\\resources\\bin;C:\\ProgramData\\DockerDesktop\\version-bin;C:\\Program Files\\dotnet\\;C:\\Program Files\\MATLAB\\R2023b\\bin;C:\\Program Files\\Siemens\\NX1980\\CAPITALINTEGRATION\\capitalnxremote\\;C:\\ProgramData\\chocolatey\\bin;C:\\Program Files\\CMake\\bin;C:\\ProgramData\\chocolatey\\lib\\cunit\\lib;C:\\ProgramData\\chocolatey\\lib\\tinyxml2\\lib;C:\\ProgramData\\chocolatey\\lib\\bullet\\lib;C:\\xmllint\\bin;C:\\ProgramData\\chocolatey\\lib\\log4cxx\\lib;C:\\Users\\Daniel\\AppData\\Local\\Programs\\Python\\Python312\\Scripts\\;C:\\Users\\Daniel\\AppData\\Local\\Programs\\Python\\Python312\\;C:\\Users\\Daniel\\AppData\\Local\\Programs\\Python\\Launcher\\;C:\\Users\\Daniel\\AppData\\Local\\Programs\\Python\\Python39\\;C:\\Users\\Daniel\\AppData\\Local\\Programs\\Python\\Python310\\Scripts\\;C:\\Users\\Daniel\\AppData\\Local\\Programs\\Python\\Python310\\;C:\\texlive\\2021\\bin\\win32;C:\\Users\\Daniel\\AppData\\Local\\Programs\\Python\\Python39\\Scripts\\;C:\\Users\\Daniel\\AppData\\Local\\Programs\\Microsoft VS Code\\bin;C:\\Users\\Daniel\\AppData\\Local\\Microsoft\\WindowsApps;C:\\Program Files\\CMake\\bin', 'PATHEXT': '.COM;.EXE;.BAT;.CMD;.VBS;.VBE;.JS;.JSE;.WSF;.WSH;.MSC;.PY;.PYW', 'PKG_CONFIG_PATH': 'C:\\dev\\ros2_foxy\\lib\\pkgconfig', 'PROCESSOR_ARCHITECTURE': 'AMD64', 'PROCESSOR_IDENTIFIER': 'Intel64 Family 6 Model 140 Stepping 1, GenuineIntel', 'PROCESSOR_LEVEL': '6', 'PROCESSOR_REVISION': '8c01', 'ProgramData': 'C:\\ProgramData', 'ProgramFiles': 'C:\\Program Files', 'ProgramFiles(x86)': 'C:\\Program Files (x86)', 'ProgramW6432': 'C:\\Program Files', 'PROMPT': '$P$G', 'PSModulePath': 'C:\\Program Files\\WindowsPowerShell\\Modules;C:\\WINDOWS\\system32\\WindowsPowerShell\\v1.0\\Modules', 'PUBLIC': 'C:\\Users\\Public', 'PYTHONPATH': 'C:\\Users\\Daniel\\Documents\\Studium\\4. Semester (WiSe 24 UCSD)\\ECE 148 Autonomous Vehicles\\MAE148FinalProject\\build\\listening_bot\\prefix_override;c:\\python38\\lib\\site-packages\\colcon_core\\task\\python\\colcon_distutils_commands;C:\\Users\\Daniel\\Documents\\Studium\\4. Semester (WiSe 24 UCSD)\\ECE 148 Autonomous Vehicles\\MAE148FinalProject\\install\\Lib\\site-packages;C:\\dev\\ros2_foxy\\Lib\\site-packages', 'ROS_DISTRO': 'foxy', 'ROS_LOCALHOST_ONLY': '0', 'ROS_PYTHON_VERSION': '3', 'ROS_VERSION': '2', 'SESSIONNAME': 'Console', 'SPLM_LICENSE_SERVER': '28030@130.149.46.211', 'SystemDrive': 'C:', 'SystemRoot': 'C:\\WINDOWS', 'TEMP': 'C:\\Users\\Daniel\\AppData\\Local\\Temp', 'TMP': 'C:\\Users\\Daniel\\AppData\\Local\\Temp', 'UGII_BASE_DIR': 'C:\\Program Files\\Siemens\\NX1980', 'UGII_LANG': 'english', 'USERDOMAIN': 'LAPTOP-SM5ESC7G', 'USERDOMAIN_ROAMINGPROFILE': 'LAPTOP-SM5ESC7G', 'USERNAME': 'Daniel', 'USERPROFILE': 'C:\\Users\\Daniel', 'windir': 'C:\\WINDOWS', 'WSLENV': 'WT_SESSION:WT_PROFILE_ID:', 'WT_PROFILE_ID': '{0caa0dad-35be-5f56-a8ff-afceeeaa6101}', 'WT_SESSION': '9f28f1cc-5c57-4d13-ad11-08e6cabed4c9'}, 'shell': False}
[1.500000] (-) TimerEvent: {}
[1.610000] (-) TimerEvent: {}
[1.719000] (-) TimerEvent: {}
[1.828000] (-) TimerEvent: {}
[1.907000] (listening_bot) StdoutLine: {'line': b'running egg_info\r\n'}
[1.938000] (listening_bot) StdoutLine: {'line': b'creating ..\\build\\listening_bot\\listening_bot.egg-info\r\n'}
[1.938000] (-) TimerEvent: {}
[1.938000] (listening_bot) StdoutLine: {'line': b'writing ..\\build\\listening_bot\\listening_bot.egg-info\\PKG-INFO\r\n'}
[1.938000] (listening_bot) StdoutLine: {'line': b'writing dependency_links to ..\\build\\listening_bot\\listening_bot.egg-info\\dependency_links.txt\r\n'}
[1.938000] (listening_bot) StdoutLine: {'line': b'writing entry points to ..\\build\\listening_bot\\listening_bot.egg-info\\entry_points.txt\r\n'}
[1.938000] (listening_bot) StdoutLine: {'line': b'writing requirements to ..\\build\\listening_bot\\listening_bot.egg-info\\requires.txt\r\n'}
[1.938000] (listening_bot) StdoutLine: {'line': b'writing top-level names to ..\\build\\listening_bot\\listening_bot.egg-info\\top_level.txt\r\n'}
[1.938000] (listening_bot) StdoutLine: {'line': b"writing manifest file '..\\build\\listening_bot\\listening_bot.egg-info\\SOURCES.txt'\r\n"}
[1.985000] (listening_bot) StdoutLine: {'line': b"reading manifest file '..\\build\\listening_bot\\listening_bot.egg-info\\SOURCES.txt'\r\n"}
[1.985000] (listening_bot) StdoutLine: {'line': b"writing manifest file '..\\build\\listening_bot\\listening_bot.egg-info\\SOURCES.txt'\r\n"}
[1.985000] (listening_bot) StdoutLine: {'line': b'running build\r\n'}
[1.985000] (listening_bot) StdoutLine: {'line': b'running build_py\r\n'}
[1.985000] (listening_bot) StdoutLine: {'line': b'creating C:\\Users\\Daniel\\Documents\\Studium\\4. Semester (WiSe 24 UCSD)\\ECE 148 Autonomous Vehicles\\MAE148FinalProject\\build\\listening_bot\\build\\lib\\listening_bot\r\n'}
[1.985000] (listening_bot) StdoutLine: {'line': b'copying listening_bot\\hardware.py -> C:\\Users\\Daniel\\Documents\\Studium\\4. Semester (WiSe 24 UCSD)\\ECE 148 Autonomous Vehicles\\MAE148FinalProject\\build\\listening_bot\\build\\lib\\listening_bot\r\n'}
[1.985000] (listening_bot) StdoutLine: {'line': b'copying listening_bot\\publisher_laptop.py -> C:\\Users\\Daniel\\Documents\\Studium\\4. Semester (WiSe 24 UCSD)\\ECE 148 Autonomous Vehicles\\MAE148FinalProject\\build\\listening_bot\\build\\lib\\listening_bot\r\n'}
[1.985000] (listening_bot) StdoutLine: {'line': b'copying listening_bot\\speech_to_text.py -> C:\\Users\\Daniel\\Documents\\Studium\\4. Semester (WiSe 24 UCSD)\\ECE 148 Autonomous Vehicles\\MAE148FinalProject\\build\\listening_bot\\build\\lib\\listening_bot\r\n'}
[1.985000] (listening_bot) StdoutLine: {'line': b'copying listening_bot\\subscriber_jetson.py -> C:\\Users\\Daniel\\Documents\\Studium\\4. Semester (WiSe 24 UCSD)\\ECE 148 Autonomous Vehicles\\MAE148FinalProject\\build\\listening_bot\\build\\lib\\listening_bot\r\n'}
[2.000000] (listening_bot) StdoutLine: {'line': b'copying listening_bot\\__init__.py -> C:\\Users\\Daniel\\Documents\\Studium\\4. Semester (WiSe 24 UCSD)\\ECE 148 Autonomous Vehicles\\MAE148FinalProject\\build\\listening_bot\\build\\lib\\listening_bot\r\n'}
[2.000000] (listening_bot) StdoutLine: {'line': b'running install\r\n'}
[2.000000] (listening_bot) StdoutLine: {'line': b'running install_lib\r\n'}
[2.032000] (listening_bot) StdoutLine: {'line': b'creating C:\\Users\\Daniel\\Documents\\Studium\\4. Semester (WiSe 24 UCSD)\\ECE 148 Autonomous Vehicles\\MAE148FinalProject\\install\\Lib\\site-packages\\listening_bot\r\n'}
[2.032000] (listening_bot) StdoutLine: {'line': b'copying C:\\Users\\Daniel\\Documents\\Studium\\4. Semester (WiSe 24 UCSD)\\ECE 148 Autonomous Vehicles\\MAE148FinalProject\\build\\listening_bot\\build\\lib\\listening_bot\\hardware.py -> C:\\Users\\Daniel\\Documents\\Studium\\4. Semester (WiSe 24 UCSD)\\ECE 148 Autonomous Vehicles\\MAE148FinalProject\\install\\Lib\\site-packages\\listening_bot\r\n'}
[2.032000] (listening_bot) StdoutLine: {'line': b'copying C:\\Users\\Daniel\\Documents\\Studium\\4. Semester (WiSe 24 UCSD)\\ECE 148 Autonomous Vehicles\\MAE148FinalProject\\build\\listening_bot\\build\\lib\\listening_bot\\publisher_laptop.py -> C:\\Users\\Daniel\\Documents\\Studium\\4. Semester (WiSe 24 UCSD)\\ECE 148 Autonomous Vehicles\\MAE148FinalProject\\install\\Lib\\site-packages\\listening_bot\r\n'}
[2.032000] (listening_bot) StdoutLine: {'line': b'copying C:\\Users\\Daniel\\Documents\\Studium\\4. Semester (WiSe 24 UCSD)\\ECE 148 Autonomous Vehicles\\MAE148FinalProject\\build\\listening_bot\\build\\lib\\listening_bot\\speech_to_text.py -> C:\\Users\\Daniel\\Documents\\Studium\\4. Semester (WiSe 24 UCSD)\\ECE 148 Autonomous Vehicles\\MAE148FinalProject\\install\\Lib\\site-packages\\listening_bot\r\n'}
[2.047000] (listening_bot) StdoutLine: {'line': b'copying C:\\Users\\Daniel\\Documents\\Studium\\4. Semester (WiSe 24 UCSD)\\ECE 148 Autonomous Vehicles\\MAE148FinalProject\\build\\listening_bot\\build\\lib\\listening_bot\\subscriber_jetson.py -> C:\\Users\\Daniel\\Documents\\Studium\\4. Semester (WiSe 24 UCSD)\\ECE 148 Autonomous Vehicles\\MAE148FinalProject\\install\\Lib\\site-packages\\listening_bot\r\n'}
[2.047000] (-) TimerEvent: {}
[2.047000] (listening_bot) StdoutLine: {'line': b'copying C:\\Users\\Daniel\\Documents\\Studium\\4. Semester (WiSe 24 UCSD)\\ECE 148 Autonomous Vehicles\\MAE148FinalProject\\build\\listening_bot\\build\\lib\\listening_bot\\__init__.py -> C:\\Users\\Daniel\\Documents\\Studium\\4. Semester (WiSe 24 UCSD)\\ECE 148 Autonomous Vehicles\\MAE148FinalProject\\install\\Lib\\site-packages\\listening_bot\r\n'}
[2.047000] (listening_bot) StdoutLine: {'line': b'byte-compiling C:\\Users\\Daniel\\Documents\\Studium\\4. Semester (WiSe 24 UCSD)\\ECE 148 Autonomous Vehicles\\MAE148FinalProject\\install\\Lib\\site-packages\\listening_bot\\hardware.py to hardware.cpython-38.pyc\r\n'}
[2.047000] (listening_bot) StdoutLine: {'line': b'byte-compiling C:\\Users\\Daniel\\Documents\\Studium\\4. Semester (WiSe 24 UCSD)\\ECE 148 Autonomous Vehicles\\MAE148FinalProject\\install\\Lib\\site-packages\\listening_bot\\publisher_laptop.py to publisher_laptop.cpython-38.pyc\r\n'}
[2.047000] (listening_bot) StdoutLine: {'line': b'byte-compiling C:\\Users\\Daniel\\Documents\\Studium\\4. Semester (WiSe 24 UCSD)\\ECE 148 Autonomous Vehicles\\MAE148FinalProject\\install\\Lib\\site-packages\\listening_bot\\speech_to_text.py to speech_to_text.cpython-38.pyc\r\n'}
[2.063000] (listening_bot) StdoutLine: {'line': b'byte-compiling C:\\Users\\Daniel\\Documents\\Studium\\4. Semester (WiSe 24 UCSD)\\ECE 148 Autonomous Vehicles\\MAE148FinalProject\\install\\Lib\\site-packages\\listening_bot\\subscriber_jetson.py to subscriber_jetson.cpython-38.pyc\r\n'}
[2.063000] (listening_bot) StdoutLine: {'line': b'byte-compiling C:\\Users\\Daniel\\Documents\\Studium\\4. Semester (WiSe 24 UCSD)\\ECE 148 Autonomous Vehicles\\MAE148FinalProject\\install\\Lib\\site-packages\\listening_bot\\__init__.py to __init__.cpython-38.pyc\r\n'}
[2.063000] (listening_bot) StdoutLine: {'line': b'running install_data\r\n'}
[2.063000] (listening_bot) StdoutLine: {'line': b'creating C:\\Users\\Daniel\\Documents\\Studium\\4. Semester (WiSe 24 UCSD)\\ECE 148 Autonomous Vehicles\\MAE148FinalProject\\install\\share\\ament_index\\resource_index\\packages\r\n'}
[2.063000] (listening_bot) StdoutLine: {'line': b'copying resource\\listening_bot -> C:\\Users\\Daniel\\Documents\\Studium\\4. Semester (WiSe 24 UCSD)\\ECE 148 Autonomous Vehicles\\MAE148FinalProject\\install\\share\\ament_index\\resource_index\\packages\r\n'}
[2.063000] (listening_bot) StdoutLine: {'line': b'creating C:\\Users\\Daniel\\Documents\\Studium\\4. Semester (WiSe 24 UCSD)\\ECE 148 Autonomous Vehicles\\MAE148FinalProject\\install\\share\\listening_bot\r\n'}
[2.063000] (listening_bot) StdoutLine: {'line': b'copying package.xml -> C:\\Users\\Daniel\\Documents\\Studium\\4. Semester (WiSe 24 UCSD)\\ECE 148 Autonomous Vehicles\\MAE148FinalProject\\install\\share\\listening_bot\r\n'}
[2.063000] (listening_bot) StdoutLine: {'line': b'running install_egg_info\r\n'}
[2.094000] (listening_bot) StdoutLine: {'line': b'Copying ..\\build\\listening_bot\\listening_bot.egg-info to C:\\Users\\Daniel\\Documents\\Studium\\4. Semester (WiSe 24 UCSD)\\ECE 148 Autonomous Vehicles\\MAE148FinalProject\\install\\Lib\\site-packages\\listening_bot-0.0.1-py3.8.egg-info\r\n'}
[2.157000] (-) TimerEvent: {}
[2.157000] (listening_bot) StdoutLine: {'line': b'running install_scripts\r\n'}
[2.266000] (-) TimerEvent: {}
[2.328000] (listening_bot) StdoutLine: {'line': b'Installing publisher-script.py script to C:\\Users\\Daniel\\Documents\\Studium\\4. Semester (WiSe 24 UCSD)\\ECE 148 Autonomous Vehicles\\MAE148FinalProject\\install\\lib\\listening_bot\r\n'}
[2.344000] (listening_bot) StdoutLine: {'line': b'Installing publisher.exe script to C:\\Users\\Daniel\\Documents\\Studium\\4. Semester (WiSe 24 UCSD)\\ECE 148 Autonomous Vehicles\\MAE148FinalProject\\install\\lib\\listening_bot\r\n'}
[2.344000] (listening_bot) StdoutLine: {'line': b'Installing subscriber-script.py script to C:\\Users\\Daniel\\Documents\\Studium\\4. Semester (WiSe 24 UCSD)\\ECE 148 Autonomous Vehicles\\MAE148FinalProject\\install\\lib\\listening_bot\r\n'}
[2.360000] (listening_bot) StdoutLine: {'line': b'Installing subscriber.exe script to C:\\Users\\Daniel\\Documents\\Studium\\4. Semester (WiSe 24 UCSD)\\ECE 148 Autonomous Vehicles\\MAE148FinalProject\\install\\lib\\listening_bot\r\n'}
[2.360000] (listening_bot) StdoutLine: {'line': b"writing list of installed files to 'C:\\Users\\Daniel\\Documents\\Studium\\4. Semester (WiSe 24 UCSD)\\ECE 148 Autonomous Vehicles\\MAE148FinalProject\\build\\listening_bot\\install.log'\r\n"}
[2.360000] (listening_bot) StderrLine: {'line': b'c:\\python38\\lib\\site-packages\\setuptools\\dist.py:495: SetuptoolsDeprecationWarning: Invalid dash-separated options\r\n'}
[2.360000] (listening_bot) StderrLine: {'line': b'!!\r\n'}
[2.360000] (listening_bot) StderrLine: {'line': b'\r\n'}
[2.360000] (listening_bot) StderrLine: {'line': b'        ********************************************************************************\r\n'}
[2.360000] (listening_bot) StderrLine: {'line': b"        Usage of dash-separated 'script-dir' will not be supported in future\r\n"}
[2.360000] (listening_bot) StderrLine: {'line': b"        versions. Please use the underscore name 'script_dir' instead.\r\n"}
[2.360000] (listening_bot) StderrLine: {'line': b'\r\n'}
[2.360000] (listening_bot) StderrLine: {'line': b'        By 2025-Mar-03, you need to update your project and remove deprecated calls\r\n'}
[2.360000] (listening_bot) StderrLine: {'line': b'        or your builds will no longer be supported.\r\n'}
[2.360000] (listening_bot) StderrLine: {'line': b'\r\n'}
[2.360000] (listening_bot) StderrLine: {'line': b'        See https://setuptools.pypa.io/en/latest/userguide/declarative_config.html for details.\r\n'}
[2.360000] (listening_bot) StderrLine: {'line': b'        ********************************************************************************\r\n'}
[2.360000] (listening_bot) StderrLine: {'line': b'\r\n'}
[2.360000] (listening_bot) StderrLine: {'line': b'!!\r\n'}
[2.360000] (listening_bot) StderrLine: {'line': b'  opt = self.warn_dash_deprecation(opt, section)\r\n'}
[2.360000] (listening_bot) StderrLine: {'line': b"c:\\python38\\lib\\site-packages\\setuptools\\_distutils\\dist.py:261: UserWarning: Unknown distribution option: 'tests_require'\r\n"}
[2.360000] (listening_bot) StderrLine: {'line': b'  warnings.warn(msg)\r\n'}
[2.375000] (-) TimerEvent: {}
[2.375000] (listening_bot) CommandEnded: {'returncode': 0}
[2.438000] (listening_bot) JobEnded: {'identifier': 'listening_bot', 'rc': 0}
[2.453000] (-) EventReactorShutdown: {}
