[1.688s] Invoking command in 'C:\dev\MAE148FinalProject\listening_bot': PYTHONPATH=C:\dev\MAE148FinalProject\build\listening_bot\prefix_override;c:\python38\lib\site-packages\colcon_core\task\python\colcon_distutils_commands;C:\dev\MAE148FinalProject\install\Lib\site-packages;%PYTHONPATH% c:\python38\python.exe -W ignore:setup.py install is deprecated setup.py egg_info --egg-base ..\build\listening_bot build --build-base C:\dev\MAE148FinalProject\build\listening_bot\build install --record C:\dev\MAE148FinalProject\build\listening_bot\install.log --install-scripts $base/lib/listening_bot --single-version-externally-managed install_data
[2.344s] running egg_info
[2.375s] writing ..\build\listening_bot\listening_bot.egg-info\PKG-INFO
[2.375s] writing dependency_links to ..\build\listening_bot\listening_bot.egg-info\dependency_links.txt
[2.375s] writing entry points to ..\build\listening_bot\listening_bot.egg-info\entry_points.txt
[2.375s] writing requirements to ..\build\listening_bot\listening_bot.egg-info\requires.txt
[2.375s] writing top-level names to ..\build\listening_bot\listening_bot.egg-info\top_level.txt
[2.438s] reading manifest file '..\build\listening_bot\listening_bot.egg-info\SOURCES.txt'
[2.438s] writing manifest file '..\build\listening_bot\listening_bot.egg-info\SOURCES.txt'
[2.438s] running build
[2.438s] running build_py
[2.438s] copying listening_bot\hardware.py -> C:\dev\MAE148FinalProject\build\listening_bot\build\lib\listening_bot
[2.438s] copying listening_bot\publisher_laptop.py -> C:\dev\MAE148FinalProject\build\listening_bot\build\lib\listening_bot
[2.438s] copying listening_bot\speech_to_text.py -> C:\dev\MAE148FinalProject\build\listening_bot\build\lib\listening_bot
[2.438s] copying listening_bot\subscriber_jetson.py -> C:\dev\MAE148FinalProject\build\listening_bot\build\lib\listening_bot
[2.453s] copying listening_bot\__init__.py -> C:\dev\MAE148FinalProject\build\listening_bot\build\lib\listening_bot
[2.453s] running install
[2.453s] running install_lib
[2.485s] running install_data
[2.485s] copying resource\listening_bot -> C:\dev\MAE148FinalProject\install\share\ament_index\resource_index\packages
[2.485s] copying package.xml -> C:\dev\MAE148FinalProject\install\share\listening_bot
[2.485s] running install_egg_info
[2.532s] removing 'C:\dev\MAE148FinalProject\install\Lib\site-packages\listening_bot-0.0.1-py3.8.egg-info' (and everything under it)
[2.532s] Copying ..\build\listening_bot\listening_bot.egg-info to C:\dev\MAE148FinalProject\install\Lib\site-packages\listening_bot-0.0.1-py3.8.egg-info
[2.563s] running install_scripts
[2.797s] Installing actuate-script.py script to C:\dev\MAE148FinalProject\install\lib\listening_bot
[2.797s] Installing actuate.exe script to C:\dev\MAE148FinalProject\install\lib\listening_bot
[2.797s] Installing publisher-script.py script to C:\dev\MAE148FinalProject\install\lib\listening_bot
[2.797s] Installing publisher.exe script to C:\dev\MAE148FinalProject\install\lib\listening_bot
[2.797s] Installing subscriber-script.py script to C:\dev\MAE148FinalProject\install\lib\listening_bot
[2.813s] Installing subscriber.exe script to C:\dev\MAE148FinalProject\install\lib\listening_bot
[2.813s] writing list of installed files to 'C:\dev\MAE148FinalProject\build\listening_bot\install.log'
[2.813s] c:\python38\lib\site-packages\setuptools\dist.py:495: SetuptoolsDeprecationWarning: Invalid dash-separated options
[2.813s] !!
[2.813s] 
[2.813s]         ********************************************************************************
[2.813s]         Usage of dash-separated 'script-dir' will not be supported in future
[2.813s]         versions. Please use the underscore name 'script_dir' instead.
[2.813s] 
[2.813s]         By 2025-Mar-03, you need to update your project and remove deprecated calls
[2.813s]         or your builds will no longer be supported.
[2.813s] 
[2.813s]         See https://setuptools.pypa.io/en/latest/userguide/declarative_config.html for details.
[2.813s]         ********************************************************************************
[2.813s] 
[2.813s] !!
[2.813s]   opt = self.warn_dash_deprecation(opt, section)
[2.828s] Invoked command in 'C:\dev\MAE148FinalProject\listening_bot' returned '0': PYTHONPATH=C:\dev\MAE148FinalProject\build\listening_bot\prefix_override;c:\python38\lib\site-packages\colcon_core\task\python\colcon_distutils_commands;C:\dev\MAE148FinalProject\install\Lib\site-packages;%PYTHONPATH% c:\python38\python.exe -W ignore:setup.py install is deprecated setup.py egg_info --egg-base ..\build\listening_bot build --build-base C:\dev\MAE148FinalProject\build\listening_bot\build install --record C:\dev\MAE148FinalProject\build\listening_bot\install.log --install-scripts $base/lib/listening_bot --single-version-externally-managed install_data
