running egg_info
writing ..\build\listening_bot\listening_bot.egg-info\PKG-INFO
writing dependency_links to ..\build\listening_bot\listening_bot.egg-info\dependency_links.txt
writing entry points to ..\build\listening_bot\listening_bot.egg-info\entry_points.txt
writing requirements to ..\build\listening_bot\listening_bot.egg-info\requires.txt
writing top-level names to ..\build\listening_bot\listening_bot.egg-info\top_level.txt
reading manifest file '..\build\listening_bot\listening_bot.egg-info\SOURCES.txt'
writing manifest file '..\build\listening_bot\listening_bot.egg-info\SOURCES.txt'
running build
running build_py
copying listening_bot\hardware.py -> C:\dev\MAE148FinalProject\build\listening_bot\build\lib\listening_bot
copying listening_bot\publisher_laptop.py -> C:\dev\MAE148FinalProject\build\listening_bot\build\lib\listening_bot
copying listening_bot\speech_to_text.py -> C:\dev\MAE148FinalProject\build\listening_bot\build\lib\listening_bot
copying listening_bot\subscriber_jetson.py -> C:\dev\MAE148FinalProject\build\listening_bot\build\lib\listening_bot
copying listening_bot\__init__.py -> C:\dev\MAE148FinalProject\build\listening_bot\build\lib\listening_bot
running install
running install_lib
copying C:\dev\MAE148FinalProject\build\listening_bot\build\lib\listening_bot\publisher_laptop.py -> C:\dev\MAE148FinalProject\install\Lib\site-packages\listening_bot
copying C:\dev\MAE148FinalProject\build\listening_bot\build\lib\listening_bot\speech_to_text.py -> C:\dev\MAE148FinalProject\install\Lib\site-packages\listening_bot
byte-compiling C:\dev\MAE148FinalProject\install\Lib\site-packages\listening_bot\publisher_laptop.py to publisher_laptop.cpython-38.pyc
byte-compiling C:\dev\MAE148FinalProject\install\Lib\site-packages\listening_bot\speech_to_text.py to speech_to_text.cpython-38.pyc
running install_data
copying resource\listening_bot -> C:\dev\MAE148FinalProject\install\share\ament_index\resource_index\packages
copying package.xml -> C:\dev\MAE148FinalProject\install\share\listening_bot
running install_egg_info
removing 'C:\dev\MAE148FinalProject\install\Lib\site-packages\listening_bot-0.0.1-py3.8.egg-info' (and everything under it)
Copying ..\build\listening_bot\listening_bot.egg-info to C:\dev\MAE148FinalProject\install\Lib\site-packages\listening_bot-0.0.1-py3.8.egg-info
running install_scripts
Installing actuate-script.py script to C:\dev\MAE148FinalProject\install\lib\listening_bot
Installing actuate.exe script to C:\dev\MAE148FinalProject\install\lib\listening_bot
Installing publisher-script.py script to C:\dev\MAE148FinalProject\install\lib\listening_bot
Installing publisher.exe script to C:\dev\MAE148FinalProject\install\lib\listening_bot
Installing subscriber-script.py script to C:\dev\MAE148FinalProject\install\lib\listening_bot
Installing subscriber.exe script to C:\dev\MAE148FinalProject\install\lib\listening_bot
writing list of installed files to 'C:\dev\MAE148FinalProject\build\listening_bot\install.log'
