[1.172s] Invoking command in 'C:\dev\MAE148FinalProject\listening_bot': PYTHONPATH=C:\dev\MAE148FinalProject\build\listening_bot\prefix_override;c:\python38\lib\site-packages\colcon_core\task\python\colcon_distutils_commands;C:\dev\MAE148FinalProject\install\Lib\site-packages;%PYTHONPATH% c:\python38\python.exe -W ignore:setup.py install is deprecated setup.py egg_info --egg-base ..\build\listening_bot build --build-base C:\dev\MAE148FinalProject\build\listening_bot\build install --record C:\dev\MAE148FinalProject\build\listening_bot\install.log --install-scripts $base/lib/listening_bot --single-version-externally-managed install_data
[1.578s] running egg_info
[1.593s] writing ..\build\listening_bot\listening_bot.egg-info\PKG-INFO
[1.593s] writing dependency_links to ..\build\listening_bot\listening_bot.egg-info\dependency_links.txt
[1.593s] writing entry points to ..\build\listening_bot\listening_bot.egg-info\entry_points.txt
[1.593s] writing requirements to ..\build\listening_bot\listening_bot.egg-info\requires.txt
[1.593s] writing top-level names to ..\build\listening_bot\listening_bot.egg-info\top_level.txt
[1.640s] reading manifest file '..\build\listening_bot\listening_bot.egg-info\SOURCES.txt'
[1.640s] writing manifest file '..\build\listening_bot\listening_bot.egg-info\SOURCES.txt'
[1.640s] running build
[1.640s] running build_py
[1.640s] copying listening_bot\hardware.py -> C:\dev\MAE148FinalProject\build\listening_bot\build\lib\listening_bot
[1.640s] copying listening_bot\publisher_laptop.py -> C:\dev\MAE148FinalProject\build\listening_bot\build\lib\listening_bot
[1.640s] copying listening_bot\speech_to_text.py -> C:\dev\MAE148FinalProject\build\listening_bot\build\lib\listening_bot
[1.640s] copying listening_bot\subscriber_jetson.py -> C:\dev\MAE148FinalProject\build\listening_bot\build\lib\listening_bot
[1.656s] copying listening_bot\__init__.py -> C:\dev\MAE148FinalProject\build\listening_bot\build\lib\listening_bot
[1.656s] running install
[1.656s] running install_lib
[1.672s] running install_data
[1.672s] copying resource\listening_bot -> C:\dev\MAE148FinalProject\install\share\ament_index\resource_index\packages
[1.672s] copying package.xml -> C:\dev\MAE148FinalProject\install\share\listening_bot
[1.687s] running install_egg_info
[1.703s] removing 'C:\dev\MAE148FinalProject\install\Lib\site-packages\listening_bot-0.0.1-py3.8.egg-info' (and everything under it)
[1.703s] Copying ..\build\listening_bot\listening_bot.egg-info to C:\dev\MAE148FinalProject\install\Lib\site-packages\listening_bot-0.0.1-py3.8.egg-info
[1.718s] running install_scripts
[1.890s] Installing actuate-script.py script to C:\dev\MAE148FinalProject\install\lib\listening_bot
[1.890s] Installing actuate.exe script to C:\dev\MAE148FinalProject\install\lib\listening_bot
[1.890s] Installing publisher-script.py script to C:\dev\MAE148FinalProject\install\lib\listening_bot
[1.890s] Installing publisher.exe script to C:\dev\MAE148FinalProject\install\lib\listening_bot
[1.890s] Installing subscriber-script.py script to C:\dev\MAE148FinalProject\install\lib\listening_bot
[1.890s] Installing subscriber.exe script to C:\dev\MAE148FinalProject\install\lib\listening_bot
[1.890s] writing list of installed files to 'C:\dev\MAE148FinalProject\build\listening_bot\install.log'
[1.890s] c:\python38\lib\site-packages\setuptools\dist.py:495: SetuptoolsDeprecationWarning: Invalid dash-separated options
[1.890s] !!
[1.890s] 
[1.890s]         ********************************************************************************
[1.890s]         Usage of dash-separated 'script-dir' will not be supported in future
[1.890s]         versions. Please use the underscore name 'script_dir' instead.
[1.890s] 
[1.890s]         By 2025-Mar-03, you need to update your project and remove deprecated calls
[1.890s]         or your builds will no longer be supported.
[1.890s] 
[1.890s]         See https://setuptools.pypa.io/en/latest/userguide/declarative_config.html for details.
[1.890s]         ********************************************************************************
[1.890s] 
[1.890s] !!
[1.890s]   opt = self.warn_dash_deprecation(opt, section)
[1.906s] Invoked command in 'C:\dev\MAE148FinalProject\listening_bot' returned '0': PYTHONPATH=C:\dev\MAE148FinalProject\build\listening_bot\prefix_override;c:\python38\lib\site-packages\colcon_core\task\python\colcon_distutils_commands;C:\dev\MAE148FinalProject\install\Lib\site-packages;%PYTHONPATH% c:\python38\python.exe -W ignore:setup.py install is deprecated setup.py egg_info --egg-base ..\build\listening_bot build --build-base C:\dev\MAE148FinalProject\build\listening_bot\build install --record C:\dev\MAE148FinalProject\build\listening_bot\install.log --install-scripts $base/lib/listening_bot --single-version-externally-managed install_data
